[96062:96062:0326/130220.832676:WARNING:chrome_main_delegate.cc(618)] This is Chrome version 111.0.5563.64 (not a warning)
[96062:96062:0326/130221.033327:WARNING:bluez_dbus_manager.cc(247)] Floss manager not present, cannot set Floss enable/disable.
[96104:96104:0326/130221.036997:WARNING:sandbox_linux.cc(393)] InitializeSandbox() called with multiple threads in process gpu-process.
[96062:96062:0326/130222.158592:INFO:CONSOLE(0)] "[DOM] Input elements should have autocomplete attributes (suggested: "current-password"): (More info: https://goo.gl/9p2vKq) %o", source: https://accounts.google.com/o/oauth2/v2/auth?scope=https://www.googleapis.com/auth/userinfo.email&auth_url=https://accounts.google.com/o/oauth2/v2/auth&client_id=692183103107-p0m7ent2hk7suguv4vq22hjcfhcr43pj.apps.googleusercontent.com&response_type=code&redirect_uri=https://rahulshettyacademy.com/getCourse.php (0)
[96062:96062:0326/130525.299481:INFO:CONSOLE(15)] "PubWise Pre Load Complete Rev XV520220628", source: https://fdyn.pubwise.io/script/8e8b7267-5938-41ec-b047-b7e985fc9645/v3/dyn/pre_pws.js?type=default (15)
[96062:96062:0326/130525.752946:INFO:CONSOLE(1239)] "PubWise Load Complete Custom::6900743c-b0f XV520220628 false", source: https://fdyn.pubwise.io/script/8e8b7267-5938-41ec-b047-b7e985fc9645/v3/dyn/pws.js?type=default (1239)
[96062:96062:0326/130529.226106:INFO:CONSOLE(0)] "An iframe which has both allow-scripts and allow-same-origin for its sandbox attribute can remove its sandboxing.", source: https://ads.pubmatic.com/AdServer/js/user_sync.html?kdntuid=1&p=161883 (0)
[96062:96062:0326/130529.229285:INFO:CONSOLE(0)] "An iframe which has both allow-scripts and allow-same-origin for its sandbox attribute can remove its sandboxing.", source: https://ads.pubmatic.com/AdServer/js/user_sync.html?kdntuid=1&p=161883 (0)
[96062:96062:0326/130529.234136:INFO:CONSOLE(0)] "An iframe which has both allow-scripts and allow-same-origin for its sandbox attribute can remove its sandboxing.", source: https://ads.pubmatic.com/AdServer/js/user_sync.html?kdntuid=1&p=161883 (0)
[96062:96062:0326/130529.245798:INFO:CONSOLE(0)] "An iframe which has both allow-scripts and allow-same-origin for its sandbox attribute can remove its sandboxing.", source: https://jp-u.openx.net/w/1.0/pd?plm=6&ph=8a7b90a1-530b-4793-beca-96f1a9def426&gdpr=0 (0)
[96062:96062:0326/130529.309976:INFO:CONSOLE(0)] "An iframe which has both allow-scripts and allow-same-origin for its sandbox attribute can remove its sandboxing.", source: https://eus.rubiconproject.com/usync.html (0)
[96062:96062:0326/130529.337196:INFO:CONSOLE(0)] "An iframe which has both allow-scripts and allow-same-origin for its sandbox attribute can remove its sandboxing.", source: https://js-sec.indexww.com/um/ixmatch.html (0)
[96062:96062:0326/130529.342317:INFO:CONSOLE(0)] "An iframe which has both allow-scripts and allow-same-origin for its sandbox attribute can remove its sandboxing.", source: https://js-sec.indexww.com/um/ixmatch.html (0)
[96062:96062:0326/130529.346601:INFO:CONSOLE(0)] "An iframe which has both allow-scripts and allow-same-origin for its sandbox attribute can remove its sandboxing.", source: https://js-sec.indexww.com/um/ixmatch.html (0)
[96062:96062:0326/130529.438253:INFO:CONSOLE(0)] "An iframe which has both allow-scripts and allow-same-origin for its sandbox attribute can remove its sandboxing.", source: https://jp-u.openx.net/w/1.0/pd?plm=6&ph=8a7b90a1-530b-4793-beca-96f1a9def426&gdpr=0 (0)
[96062:96062:0326/130529.473812:INFO:CONSOLE(0)] "An iframe which has both allow-scripts and allow-same-origin for its sandbox attribute can remove its sandboxing.", source: https://prebid.a-mo.net/isyn?__st=iframe&gdpr=0&gdpr_consent=&us_privacy=1--- (0)
[96062:96062:0326/130529.575709:INFO:CONSOLE(0)] "An iframe which has both allow-scripts and allow-same-origin for its sandbox attribute can remove its sandboxing.", source: https://jp-u.openx.net/w/1.0/pd?plm=6&ph=8a7b90a1-530b-4793-beca-96f1a9def426&gdpr=0 (0)
[96062:96062:0326/130529.587804:INFO:CONSOLE(0)] "An iframe which has both allow-scripts and allow-same-origin for its sandbox attribute can remove its sandboxing.", source: https://contextual.media.net/checksync.php?vsSync=1&cs=8&cv=31&https=1&cid=8CU75OYJ3&prvid=2034%2C2033%2C273%2C233%2C157%2C159%2C236%2C237%2C117%2C437%2C51%2C97%2C55%2C99%2C56%2C59%2C3012%2C122%2C3007%2C246%2C4%2C126%2C203%2C446%2C9%2C208%2C2055%2C171%2C172%2C173%2C294%2C251%2C175%2C450%2C178%2C255%2C3018%2C3017%2C214%2C3016%2C3015%2C3014%2C337%2C338%2C459%2C70%2C77%2C38%2C182%2C184%2C261%2C141%2C262%2C186%2C461%2C188%2C145%2C222%2C102%2C225%2C10000%2C80%2C108%2C229%2C109%2C82&itype=PREBID&purpose1=1&gdprconsent=1&gdpr=0&coppa=0&usp_status=0&usp_consent=1 (0)
[96062:96062:0326/130529.599432:INFO:CONSOLE(0)] "An iframe which has both allow-scripts and allow-same-origin for its sandbox attribute can remove its sandboxing.", source: https://contextual.media.net/checksync.php?vsSync=1&cs=8&cv=31&https=1&cid=8CU75OYJ3&prvid=2034%2C2033%2C273%2C233%2C157%2C159%2C236%2C237%2C117%2C437%2C51%2C97%2C55%2C99%2C56%2C59%2C3012%2C122%2C3007%2C246%2C4%2C126%2C203%2C446%2C9%2C208%2C2055%2C171%2C172%2C173%2C294%2C251%2C175%2C450%2C178%2C255%2C3018%2C3017%2C214%2C3016%2C3015%2C3014%2C337%2C338%2C459%2C70%2C77%2C38%2C182%2C184%2C261%2C141%2C262%2C186%2C461%2C188%2C145%2C222%2C102%2C225%2C10000%2C80%2C108%2C229%2C109%2C82&itype=PREBID&purpose1=1&gdprconsent=1&gdpr=0&coppa=0&usp_status=0&usp_consent=1 (0)
[96062:96062:0326/130529.614094:INFO:CONSOLE(0)] "An iframe which has both allow-scripts and allow-same-origin for its sandbox attribute can remove its sandboxing.", source: https://contextual.media.net/checksync.php?vsSync=1&cs=8&cv=31&https=1&cid=8CU75OYJ3&prvid=2034%2C2033%2C273%2C233%2C157%2C159%2C236%2C237%2C117%2C437%2C51%2C97%2C55%2C99%2C56%2C59%2C3012%2C122%2C3007%2C246%2C4%2C126%2C203%2C446%2C9%2C208%2C2055%2C171%2C172%2C173%2C294%2C251%2C175%2C450%2C178%2C255%2C3018%2C3017%2C214%2C3016%2C3015%2C3014%2C337%2C338%2C459%2C70%2C77%2C38%2C182%2C184%2C261%2C141%2C262%2C186%2C461%2C188%2C145%2C222%2C102%2C225%2C10000%2C80%2C108%2C229%2C109%2C82&itype=PREBID&purpose1=1&gdprconsent=1&gdpr=0&coppa=0&usp_status=0&usp_consent=1 (0)
[96062:96062:0326/130529.678062:INFO:CONSOLE(2)] "Powered by AMP ⚡ HTML – Version 2302271541000 https://www.guru99.com/ssl-certificate-error-handling-selenium.html", source: https://cdn.ampproject.org/rtv/012302271541000/amp4ads-v0.mjs (2)
[96062:96062:0326/130529.698673:INFO:CONSOLE(2)] "Powered by AMP ⚡ HTML – Version 2302271541000 https://www.guru99.com/ssl-certificate-error-handling-selenium.html", source: https://cdn.ampproject.org/rtv/012302271541000/amp4ads-v0.mjs (2)
[96062:96062:0326/130529.801102:INFO:CONSOLE(0)] "An iframe which has both allow-scripts and allow-same-origin for its sandbox attribute can remove its sandboxing.", source: https://sdk.streamrail.com/cs-config/cs.html?org=620b92f782ae5000010e2d52&tc=6239cd864f60330001c2a0a6&as=6239cd864f60330001c2a0a8&type=hb&wd=cs.yellowblue.io (0)
[96062:96062:0326/130529.847283:INFO:CONSOLE(0)] "An iframe which has both allow-scripts and allow-same-origin for its sandbox attribute can remove its sandboxing.", source: https://eb2.3lift.com/sync?&ld=1 (0)
[96062:96062:0326/130529.884171:INFO:CONSOLE(0)] "An iframe which has both allow-scripts and allow-same-origin for its sandbox attribute can remove its sandboxing.", source: https://sdk.streamrail.com/cs-config/cs.html?org=620b92f782ae5000010e2d52&tc=6239cd864f60330001c2a0a6&as=6239cd864f60330001c2a0a8&type=hb&wd=cs.yellowblue.io (0)
[96062:96062:0326/130529.953926:INFO:CONSOLE(0)] "An iframe which has both allow-scripts and allow-same-origin for its sandbox attribute can remove its sandboxing.", source: https://sdk.streamrail.com/cs-config/cs.html?org=620b92f782ae5000010e2d52&tc=6239cd864f60330001c2a0a6&as=6239cd864f60330001c2a0a8&type=hb&wd=cs.yellowblue.io (0)
[96062:96062:0326/130530.073091:INFO:CONSOLE(0)] "An iframe which has both allow-scripts and allow-same-origin for its sandbox attribute can remove its sandboxing.", source: https://acdn.adnxs.com/dmp/async_usersync.html (0)
[96062:96062:0326/130530.074993:INFO:CONSOLE(0)] "An iframe which has both allow-scripts and allow-same-origin for its sandbox attribute can remove its sandboxing.", source: https://acdn.adnxs.com/dmp/async_usersync.html (0)
[96062:96062:0326/130530.082522:INFO:CONSOLE(0)] "An iframe which has both allow-scripts and allow-same-origin for its sandbox attribute can remove its sandboxing.", source: https://acdn.adnxs.com/dmp/async_usersync.html (0)
[96062:96062:0326/130530.089243:INFO:CONSOLE(0)] "An iframe which has both allow-scripts and allow-same-origin for its sandbox attribute can remove its sandboxing.", source: https://eb2.3lift.com/sync?&ld=1 (0)
[96062:96062:0326/130530.230391:INFO:CONSOLE(0)] "An iframe which has both allow-scripts and allow-same-origin for its sandbox attribute can remove its sandboxing.", source: https://eb2.3lift.com/sync?&ld=1 (0)
[96062:96062:0326/130530.237542:INFO:CONSOLE(0)] "An iframe which has both allow-scripts and allow-same-origin for its sandbox attribute can remove its sandboxing.", source: https://sync.quantumdex.io/usersync/pbjs (0)
[96105:96121:0326/130530.589039:ERROR:ssl_client_socket_impl.cc(992)] handshake failed; returned -1, SSL error code 1, net_error -101
[96062:96062:0326/130530.681750:INFO:CONSOLE(0)] "An iframe which has both allow-scripts and allow-same-origin for its sandbox attribute can remove its sandboxing.", source: https://dab6611863bf6f812aaf0c2008d82f3b.safeframe.googlesyndication.com/safeframe/1-0-40/html/container.html (0)
[96062:96062:0326/130530.742724:INFO:CONSOLE(0)] "An iframe which has both allow-scripts and allow-same-origin for its sandbox attribute can remove its sandboxing.", source: https://sync.quantumdex.io/usersync/pbjs (0)
[96062:96062:0326/130531.215568:INFO:CONSOLE(0)] "An iframe which has both allow-scripts and allow-same-origin for its sandbox attribute can remove its sandboxing.", source: https://sync.quantumdex.io/usersync/pbjs (0)
[96062:96062:0326/130532.972386:INFO:CONSOLE(0)] "ResizeObserver loop limit exceeded", source: https://www.guru99.com/ssl-certificate-error-handling-selenium.html (0)
[96062:96062:0326/130533.441769:INFO:CONSOLE(0)] "Refused to execute script from 'https://id.rlcdn.com/712202.gif?cparams=86e7af9419a14fea936e35f7b72d4d56' because its MIME type ('image/gif') is not executable.", source: https://www.guru99.com/ssl-certificate-error-handling-selenium.html (0)
[96062:96062:0326/130533.688361:INFO:CONSOLE(467)] "An iframe which has both allow-scripts and allow-same-origin for its sandbox attribute can remove its sandboxing.", source: https://imasdk.googleapis.com/js/sdkloader/ima3.js (467)
[96062:96062:0326/130533.703348:INFO:CONSOLE(467)] "An iframe which has both allow-scripts and allow-same-origin for its sandbox attribute can remove its sandboxing.", source: https://imasdk.googleapis.com/js/sdkloader/ima3.js (467)
[96062:96062:0326/130533.728794:INFO:CONSOLE(467)] "An iframe which has both allow-scripts and allow-same-origin for its sandbox attribute can remove its sandboxing.", source: https://imasdk.googleapis.com/js/sdkloader/ima3.js (467)
[96062:96062:0326/130533.754578:INFO:CONSOLE(0)] "An iframe which has both allow-scripts and allow-same-origin for its sandbox attribute can remove its sandboxing.", source: about:srcdoc (0)
[96062:96062:0326/130533.759609:INFO:CONSOLE(0)] "An iframe which has both allow-scripts and allow-same-origin for its sandbox attribute can remove its sandboxing.", source: about:srcdoc (0)
[96062:96062:0326/130533.773457:INFO:CONSOLE(0)] "An iframe which has both allow-scripts and allow-same-origin for its sandbox attribute can remove its sandboxing.", source: about:srcdoc (0)
[96062:96062:0326/130534.752312:INFO:CONSOLE(6736)] "crbug/1173575, non-JS module files deprecated.", source: chrome-error://chromewebdata/ (6736)
[96062:96062:0326/130553.803322:INFO:CONSOLE(0)] "An iframe which has both allow-scripts and allow-same-origin for its sandbox attribute can remove its sandboxing.", source: https://dab6611863bf6f812aaf0c2008d82f3b.safeframe.googlesyndication.com/safeframe/1-0-40/html/container.html (0)
[96062:96062:0326/130557.661772:INFO:CONSOLE(0)] "An iframe which has both allow-scripts and allow-same-origin for its sandbox attribute can remove its sandboxing.", source: https://dab6611863bf6f812aaf0c2008d82f3b.safeframe.googlesyndication.com/safeframe/1-0-40/html/container.html (0)
[96062:96062:0326/130605.162510:INFO:CONSOLE(6736)] "crbug/1173575, non-JS module files deprecated.", source: chrome-error://chromewebdata/ (6736)
[96062:96062:0326/130749.717355:WARNING:pref_notifier_impl.cc(41)] Pref observer for media_router.cast_allow_all_ips found at shutdown.
